<?xml version="1.0" encoding="UTF-8"?>
<testng-results skipped="0" failed="0" total="3" passed="3">
  <reporter-output>
  </reporter-output>
  <suite name="com.guri.holidays.study.SumTest" duration-ms="24" started-at="2018-12-26T00:07:37Z" finished-at="2018-12-26T00:07:37Z">
    <groups>
    </groups>
    <test name="Command line test" duration-ms="24" started-at="2018-12-26T00:07:37Z" finished-at="2018-12-26T00:07:37Z">
      <class name="com.guri.holidays.study.SumTest">
        <test-method status="PASS" signature="setup()[pri:0, instance:com.guri.holidays.study.SumTest@49e4cb85]" name="setup" is-config="true" duration-ms="10" started-at="2018-12-25T16:07:37Z" finished-at="2018-12-25T16:07:37Z">
          <reporter-output>
          </reporter-output>
        </test-method> <!-- setup -->
        <test-method status="PASS" signature="testCase1()[pri:0, instance:com.guri.holidays.study.SumTest@49e4cb85]" name="testCase1" duration-ms="2" started-at="2018-12-25T16:07:37Z" finished-at="2018-12-25T16:07:37Z">
          <reporter-output>
          </reporter-output>
        </test-method> <!-- testCase1 -->
        <test-method status="PASS" signature="testCase2()[pri:0, instance:com.guri.holidays.study.SumTest@49e4cb85]" name="testCase2" duration-ms="0" started-at="2018-12-25T16:07:37Z" finished-at="2018-12-25T16:07:37Z">
          <reporter-output>
          </reporter-output>
        </test-method> <!-- testCase2 -->
        <test-method status="PASS" signature="testCase3()[pri:0, instance:com.guri.holidays.study.SumTest@49e4cb85]" name="testCase3" duration-ms="0" started-at="2018-12-25T16:07:37Z" finished-at="2018-12-25T16:07:37Z">
          <reporter-output>
          </reporter-output>
        </test-method> <!-- testCase3 -->
      </class> <!-- com.guri.holidays.study.SumTest -->
    </test> <!-- Command line test -->
  </suite> <!-- com.guri.holidays.study.SumTest -->
</testng-results>
