<?xml version="1.0" encoding="UTF-8"?>
<testng-results skipped="0" failed="0" total="4" passed="4">
  <reporter-output>
  </reporter-output>
  <suite name="Suite" duration-ms="60" started-at="2018-12-26T01:25:04Z" finished-at="2018-12-26T01:25:04Z">
    <groups>
      <group name="Regression">
        <method signature="SumTest.testCase2()[pri:1, instance:com.guri.holidays.study.SumTest@51efea79]" name="testCase2" class="com.guri.holidays.study.SumTest"/>
      </group> <!-- Regression -->
    </groups>
    <test name="Test" duration-ms="60" started-at="2018-12-26T01:25:04Z" finished-at="2018-12-26T01:25:04Z">
      <class name="com.guri.holidays.study.SumTest">
        <test-method status="PASS" signature="setup()[pri:0, instance:com.guri.holidays.study.SumTest@51efea79]" name="setup" is-config="true" duration-ms="8" started-at="2018-12-25T17:25:04Z" finished-at="2018-12-25T17:25:04Z">
          <reporter-output>
          </reporter-output>
        </test-method> <!-- setup -->
        <test-method status="PASS" signature="testCase1(java.lang.String)[pri:0, instance:com.guri.holidays.study.SumTest@51efea79]" name="testCase1" duration-ms="7" started-at="2018-12-25T17:25:04Z" finished-at="2018-12-25T17:25:04Z">
          <params>
            <param index="0">
              <value>
                <![CDATA[set value]]>
              </value>
            </param>
          </params>
          <reporter-output>
          </reporter-output>
        </test-method> <!-- testCase1 -->
        <test-method status="PASS" signature="testCase3(int, int, int)[pri:0, instance:com.guri.holidays.study.SumTest@51efea79]" name="testCase3" duration-ms="4" started-at="2018-12-25T17:25:04Z" data-provider="dataProvider" finished-at="2018-12-25T17:25:04Z">
          <params>
            <param index="0">
              <value>
                <![CDATA[1]]>
              </value>
            </param>
            <param index="1">
              <value>
                <![CDATA[2]]>
              </value>
            </param>
            <param index="2">
              <value>
                <![CDATA[3]]>
              </value>
            </param>
          </params>
          <reporter-output>
          </reporter-output>
        </test-method> <!-- testCase3 -->
        <test-method status="PASS" signature="testCase3(int, int, int)[pri:0, instance:com.guri.holidays.study.SumTest@51efea79]" name="testCase3" duration-ms="4" started-at="2018-12-25T17:25:04Z" data-provider="dataProvider" finished-at="2018-12-25T17:25:04Z">
          <params>
            <param index="0">
              <value>
                <![CDATA[4]]>
              </value>
            </param>
            <param index="1">
              <value>
                <![CDATA[5]]>
              </value>
            </param>
            <param index="2">
              <value>
                <![CDATA[6]]>
              </value>
            </param>
          </params>
          <reporter-output>
          </reporter-output>
        </test-method> <!-- testCase3 -->
        <test-method status="PASS" signature="testCase2()[pri:1, instance:com.guri.holidays.study.SumTest@51efea79]" name="testCase2" duration-ms="13" started-at="2018-12-25T17:25:04Z" finished-at="2018-12-25T17:25:04Z">
          <reporter-output>
          </reporter-output>
        </test-method> <!-- testCase2 -->
      </class> <!-- com.guri.holidays.study.SumTest -->
    </test> <!-- Test -->
  </suite> <!-- Suite -->
</testng-results>
