<?xml version="1.0" encoding="UTF-8"?>
<!-- Generated by org.testng.reporters.JUnitXMLReporter -->
<testsuite hostname="BLRJPT1433L" name="Test" tests="4" failures="0" timestamp="27 Dec 2018 10:44:55 GMT" time="0.067" errors="0">
  <testcase name="testCase1" time="0.01" classname="com.guri.holidays.study.SumTest"/>
  <testcase name="testCase3" time="0.002" classname="com.guri.holidays.study.SumTest"/>
  <testcase name="testCase3" time="0.001" classname="com.guri.holidays.study.SumTest"/>
  <testcase name="testCase2" time="0.01" classname="com.guri.holidays.study.SumTest"/>
</testsuite> <!-- Test -->
