<?xml version="1.0" encoding="UTF-8"?>
<!-- Generated by org.testng.reporters.JUnitXMLReporter -->
<testsuite hostname="BLRJPT1433L" name="Test" tests="4" failures="0" timestamp="27 Dec 2018 09:02:29 GMT" time="0.071" errors="0">
  <testcase name="testCase1" time="0.01" classname="com.guri.holidays.study.SumTest"/>
  <testcase name="testCase3" time="0.003" classname="com.guri.holidays.study.SumTest"/>
  <testcase name="testCase3" time="0.004" classname="com.guri.holidays.study.SumTest"/>
  <testcase name="testCase2" time="0.013" classname="com.guri.holidays.study.SumTest"/>
</testsuite> <!-- Test -->
