<?xml version="1.0" encoding="UTF-8"?>
<!-- Generated by org.testng.reporters.JUnitXMLReporter -->
<testsuite hostname="BLRJPT1433L" name="Command line test" tests="3" failures="0" timestamp="26 Dec 2018 00:07:37 GMT" time="0.024" errors="0">
  <testcase name="testCase1" time="0.002" classname="com.guri.holidays.study.SumTest"/>
  <testcase name="testCase2" time="0.0" classname="com.guri.holidays.study.SumTest"/>
  <testcase name="testCase3" time="0.0" classname="com.guri.holidays.study.SumTest"/>
</testsuite> <!-- Command line test -->
